<?xml version="1.0" encoding="UTF-8"?>
<!-- Generated by org.testng.reporters.JUnitReportReporter -->
<testsuite hostname="INFPH01519" name="com.selenium.project.testProduct.ABC.NB" tests="1" failures="0" timestamp="30 Mar 2017 13:39:37 GMT" time="341.853" errors="0">
  <testcase name="New_Business" time="341.853" classname="com.selenium.project.testProduct.ABC.NB"/>
</testsuite> <!-- com.selenium.project.testProduct.ABC.NB -->
